[2023-05-31 17:10:27] ============================
[2023-05-31 17:10:27] The SNAKE game started.
[2023-05-31 17:10:29] DOWN
[2023-05-31 17:10:30] RIGHT
[2023-05-31 17:10:31] DOWN
[2023-05-31 17:10:31] DOWN
[2023-05-31 17:10:32] LEFT
[2023-05-31 17:10:32] UP
[2023-05-31 17:10:32] <Bingo!>
[2023-05-31 17:10:32] UP
[2023-05-31 17:10:33] RIGHT
[2023-05-31 17:10:34] RIGHT
[2023-05-31 17:10:34] RIGHT
[2023-05-31 17:10:35] RIGHT
[2023-05-31 17:10:35] RIGHT
[2023-05-31 17:10:35] RIGHT
[2023-05-31 17:10:36] UP
[2023-05-31 17:10:36] UP
[2023-05-31 17:10:36] RIGHT
[2023-05-31 17:10:37] RIGHT
[2023-05-31 17:10:37] UP
[2023-05-31 17:10:38] RIGHT
[2023-05-31 17:10:38] UP
[2023-05-31 17:10:39] RIGHT
[2023-05-31 17:10:41] UP
[2023-05-31 17:10:43] <Bingo!>
[2023-05-31 17:10:44] Come to the border.
[2023-05-31 17:10:48] The SNAKE game stopped.
[2023-05-31 17:10:48] ============================
