[2023-05-31 16:18:57] ============================
[2023-05-31 16:18:57] The SNAKE game started.
[2023-05-31 16:18:58] LEFT
[2023-05-31 16:18:59] DOWN
[2023-05-31 16:19:00] ESC
[2023-05-31 16:19:04] The SNAKE game stopped.
[2023-05-31 16:19:04] ============================
[2023-05-31 16:20:33] ============================
[2023-05-31 16:20:33] The SNAKE game started.
[2023-05-31 16:20:37] DOWN
[2023-05-31 16:20:38] LEFT
[2023-05-31 16:20:40] LEFT
[2023-05-31 16:20:41] UP
[2023-05-31 16:20:42] RIGHT
[2023-05-31 16:20:42] DOWN
[2023-05-31 16:20:43] <Bingo!>
[2023-05-31 16:20:44] RIGHT
[2023-05-31 16:20:44] DOWN
[2023-05-31 16:20:45] RIGHT
[2023-05-31 16:20:45] UP
[2023-05-31 16:20:46] LEFT
[2023-05-31 16:20:47] DOWN
[2023-05-31 16:20:47] <Bingo!>
[2023-05-31 16:20:48] RIGHT
[2023-05-31 16:20:49] RIGHT
[2023-05-31 16:20:49] DOWN
[2023-05-31 16:20:50] <Bingo!>
[2023-05-31 16:20:50] LEFT
[2023-05-31 16:20:51] RIGHT
[2023-05-31 16:20:52] UP
[2023-05-31 16:20:53] RIGHT
[2023-05-31 16:20:54] UP
[2023-05-31 16:20:57] RIGHT
[2023-05-31 16:20:58] DOWN
[2023-05-31 16:20:58] RIGHT
[2023-05-31 16:21:01] <Bingo!>
[2023-05-31 16:21:01] UP
[2023-05-31 16:21:02] DOWN
[2023-05-31 16:21:03] LEFT
[2023-05-31 16:21:04] DOWN
[2023-05-31 16:21:07] LEFT
[2023-05-31 16:21:15] <Bingo!>
[2023-05-31 16:21:16] UP
[2023-05-31 16:21:17] UP
[2023-05-31 16:21:20] RIGHT
[2023-05-31 16:21:20] UP
[2023-05-31 16:21:24] <Bingo!>
[2023-05-31 16:21:24] DOWN
[2023-05-31 16:21:26] RIGHT
[2023-05-31 16:21:27] DOWN
[2023-05-31 16:21:30] RIGHT
[2023-05-31 16:21:33] <Bingo!>
[2023-05-31 16:21:38] DOWN
[2023-05-31 16:21:40] <Bingo!>
[2023-05-31 16:21:41] LEFT
[2023-05-31 16:21:42] UP
[2023-05-31 16:21:43] LEFT
[2023-05-31 16:21:52] <Bingo!>
[2023-05-31 16:21:54] UP
[2023-05-31 16:21:54] LEFT
[2023-05-31 16:21:54] UP
[2023-05-31 16:21:54] <Bingo!>
[2023-05-31 16:21:56] UP
[2023-05-31 16:21:58] RIGHT
[2023-05-31 16:21:58] DOWN
[2023-05-31 16:22:00] UP
[2023-05-31 16:22:00] UP
[2023-05-31 16:22:01] RIGHT
[2023-05-31 16:22:02] DOWN
[2023-05-31 16:22:03] RIGHT
[2023-05-31 16:22:10] <Bingo!>
[2023-05-31 16:22:12] Come to the border.
[2023-05-31 16:22:17] The SNAKE game stopped.
[2023-05-31 16:22:17] ============================
[2023-05-31 16:29:43] ============================
[2023-05-31 16:29:43] The SNAKE game started.
[2023-05-31 16:29:46] DOWN
[2023-05-31 16:29:49] LEFT
[2023-05-31 16:29:50] UP
[2023-05-31 16:29:50] LEFT
[2023-05-31 16:29:58] <Bingo!>
[2023-05-31 16:29:58] DOWN
[2023-05-31 16:29:59] RIGHT
[2023-05-31 16:29:59] UP
[2023-05-31 16:30:00] UP
[2023-05-31 16:30:00] RIGHT
[2023-05-31 16:30:01] DOWN
[2023-05-31 16:30:02] UP
[2023-05-31 16:30:02] UP
[2023-05-31 16:30:03] RIGHT
[2023-05-31 16:30:03] DOWN
[2023-05-31 16:30:04] RIGHT
[2023-05-31 16:30:05] UP
[2023-05-31 16:30:05] RIGHT
[2023-05-31 16:30:08] <Bingo!>
[2023-05-31 16:30:12] UP
[2023-05-31 16:30:13] UP
[2023-05-31 16:30:15] UP
[2023-05-31 16:30:16] LEFT
[2023-05-31 16:30:18] DOWN
[2023-05-31 16:30:18] RIGHT
[2023-05-31 16:30:19] <Bingo!>
[2023-05-31 16:30:21] UP
[2023-05-31 16:30:24] Come to the border.
[2023-05-31 16:30:28] The SNAKE game stopped.
[2023-05-31 16:30:28] ============================
[2023-05-31 16:35:15] ============================
[2023-05-31 16:35:15] The SNAKE game started.
[2023-05-31 16:35:16] RIGHT
[2023-05-31 16:35:18] DOWN
[2023-05-31 16:35:19] LEFT
[2023-05-31 16:35:20] LEFT
[2023-05-31 16:35:21] RIGHT
[2023-05-31 16:35:22] DOWN
[2023-05-31 16:35:22] <Bingo!>
[2023-05-31 16:35:23] LEFT
[2023-05-31 16:35:25] DOWN
[2023-05-31 16:35:26] LEFT
[2023-05-31 16:35:27] UP
[2023-05-31 16:35:32] RIGHT
[2023-05-31 16:35:34] LEFT
[2023-05-31 16:35:34] LEFT
[2023-05-31 16:35:37] UP
[2023-05-31 16:35:37] RIGHT
[2023-05-31 16:35:39] <Bingo!>
[2023-05-31 16:35:39] DOWN
[2023-05-31 16:35:41] LEFT
[2023-05-31 16:35:49] <Bingo!>
[2023-05-31 16:35:50] Come to the border.
[2023-05-31 16:35:55] The SNAKE game stopped.
[2023-05-31 16:35:55] ============================
[2023-05-31 16:35:56] ============================
[2023-05-31 16:35:56] The SNAKE game started.
[2023-05-31 16:35:59] UP
[2023-05-31 16:36:00] RIGHT
[2023-05-31 16:36:03] <Bingo!>
[2023-05-31 16:36:06] Come to the border.
[2023-05-31 16:36:10] The SNAKE game stopped.
[2023-05-31 16:36:10] ============================
