[2023-06-14 14:34:09] [Begin:P=    49   0 - 11]
[2023-06-14 14:34:09]     49    38    65    97    76    13    27    23    45   100   400    30
[2023-06-14 14:34:11] [R->L :P=    49  11 -  0]
[2023-06-14 14:34:11]     30    38    65    97    76    13    27    23    45   100   400    30
[2023-06-14 14:34:16] [L->R :P=    49   2 - 11]
[2023-06-14 14:34:16]     30    38    65    97    76    13    27    23    45   100   400    65
[2023-06-14 14:34:22] [R->L :P=    49   8 -  2]
[2023-06-14 14:34:22]     30    38    45    97    76    13    27    23    45   100   400    65
[2023-06-14 14:34:25] [L->R :P=    49   3 -  8]
[2023-06-14 14:34:25]     30    38    45    97    76    13    27    23    97   100   400    65
[2023-06-14 14:34:29] [R->L :P=    49   7 -  3]
[2023-06-14 14:34:29]     30    38    45    23    76    13    27    23    97   100   400    65
[2023-06-14 14:34:33] [L->R :P=    49   4 -  7]
[2023-06-14 14:34:33]     30    38    45    23    76    13    27    76    97   100   400    65
[2023-06-14 14:34:36] [R->L :P=    49   6 -  4]
[2023-06-14 14:34:36]     30    38    45    23    27    13    27    76    97   100   400    65
[2023-06-14 14:34:40] [TMP  :P=    49   6 -  6]
[2023-06-14 14:34:40]     30    38    45    23    27    13    49    76    97   100   400    65
[2023-06-14 14:34:42] [Begin:P=    30   0 -  5]
[2023-06-14 14:34:42]     30    38    45    23    27    13    49    76    97   100   400    65
[2023-06-14 14:34:45] [R->L :P=    30   5 -  0]
[2023-06-14 14:34:45]     13    38    45    23    27    13    49    76    97   100   400    65
[2023-06-14 14:34:49] [L->R :P=    30   1 -  5]
[2023-06-14 14:34:49]     13    38    45    23    27    38    49    76    97   100   400    65
[2023-06-14 14:34:52] [R->L :P=    30   4 -  1]
[2023-06-14 14:34:52]     13    27    45    23    27    38    49    76    97   100   400    65
[2023-06-14 14:34:56] [L->R :P=    30   2 -  4]
[2023-06-14 14:34:56]     13    27    45    23    45    38    49    76    97   100   400    65
[2023-06-14 14:34:59] [R->L :P=    30   3 -  2]
[2023-06-14 14:34:59]     13    27    23    23    45    38    49    76    97   100   400    65
[2023-06-14 14:35:02] [TMP  :P=    30   3 -  3]
[2023-06-14 14:35:02]     13    27    23    30    45    38    49    76    97   100   400    65
[2023-06-14 14:35:04] [Begin:P=    13   0 -  2]
[2023-06-14 14:35:04]     13    27    23    30    45    38    49    76    97   100   400    65
[2023-06-14 14:35:08] [TMP  :P=    13   0 -  0]
[2023-06-14 14:35:08]     13    27    23    30    45    38    49    76    97   100   400    65
[2023-06-14 14:35:10] [Begin:P=    27   1 -  2]
[2023-06-14 14:35:10]     13    27    23    30    45    38    49    76    97   100   400    65
[2023-06-14 14:35:13] [R->L :P=    27   2 -  1]
[2023-06-14 14:35:13]     13    23    23    30    45    38    49    76    97   100   400    65
[2023-06-14 14:35:15] [TMP  :P=    27   2 -  2]
[2023-06-14 14:35:15]     13    23    27    30    45    38    49    76    97   100   400    65
[2023-06-14 14:35:18] [Begin:P=    45   4 -  5]
[2023-06-14 14:35:18]     13    23    27    30    45    38    49    76    97   100   400    65
[2023-06-14 14:35:20] [R->L :P=    45   5 -  4]
[2023-06-14 14:35:20]     13    23    27    30    38    38    49    76    97   100   400    65
[2023-06-14 14:35:23] [TMP  :P=    45   5 -  5]
[2023-06-14 14:35:23]     13    23    27    30    38    45    49    76    97   100   400    65
[2023-06-14 14:35:25] [Begin:P=    76   7 - 11]
[2023-06-14 14:35:25]     13    23    27    30    38    45    49    76    97   100   400    65
[2023-06-14 14:35:27] [R->L :P=    76  11 -  7]
[2023-06-14 14:35:27]     13    23    27    30    38    45    49    65    97   100   400    65
[2023-06-14 14:35:31] [L->R :P=    76   8 - 11]
[2023-06-14 14:35:31]     13    23    27    30    38    45    49    65    97   100   400    97
[2023-06-14 14:35:36] [TMP  :P=    76   8 -  8]
[2023-06-14 14:35:36]     13    23    27    30    38    45    49    65    76   100   400    97
[2023-06-14 14:35:38] [Begin:P=   100   9 - 11]
[2023-06-14 14:35:38]     13    23    27    30    38    45    49    65    76   100   400    97
[2023-06-14 14:35:41] [R->L :P=   100  11 -  9]
[2023-06-14 14:35:41]     13    23    27    30    38    45    49    65    76    97   400    97
[2023-06-14 14:35:44] [L->R :P=   100  10 - 11]
[2023-06-14 14:35:44]     13    23    27    30    38    45    49    65    76    97   400   400
[2023-06-14 14:35:47] [TMP  :P=   100  10 - 10]
[2023-06-14 14:35:47]     13    23    27    30    38    45    49    65    76    97   100   400
