[2023-06-03 10:04:35] ============================
[2023-06-03 10:04:35] The SNAKE game started.
[2023-06-03 10:04:36] DOWN
[2023-06-03 10:04:37] LEFT
[2023-06-03 10:04:39] UP
[2023-06-03 10:04:39] LEFT
[2023-06-03 10:04:40] DOWN
[2023-06-03 10:04:41] LEFT
[2023-06-03 10:04:43] UP
[2023-06-03 10:04:43] LEFT
[2023-06-03 10:04:46] <Bingo!>
[2023-06-03 10:04:47] DOWN
[2023-06-03 10:04:47] RIGHT
[2023-06-03 10:04:55] <Bingo!>
[2023-06-03 10:04:55] DOWN
[2023-06-03 10:04:56] LEFT
[2023-06-03 10:04:57] DOWN
[2023-06-03 10:04:57] LEFT
[2023-06-03 10:05:01] <Bingo!>
[2023-06-03 10:05:02] UP
[2023-06-03 10:05:05] RIGHT
[2023-06-03 10:05:05] UP
[2023-06-03 10:05:06] RIGHT
[2023-06-03 10:05:07] DOWN
[2023-06-03 10:05:07] LEFT
[2023-06-03 10:05:08] UP
[2023-06-03 10:05:09] RIGHT
[2023-06-03 10:05:09] DOWN
[2023-06-03 10:05:09] <Bingo!>
[2023-06-03 10:05:12] RIGHT
[2023-06-03 10:05:13] DOWN
[2023-06-03 10:05:13] RIGHT
[2023-06-03 10:05:14] <Bingo!>
[2023-06-03 10:05:14] UP
[2023-06-03 10:05:18] LEFT
[2023-06-03 10:05:23] <Bingo!>
[2023-06-03 10:05:24] DOWN
[2023-06-03 10:05:25] RIGHT
[2023-06-03 10:05:26] DOWN
[2023-06-03 10:05:26] RIGHT
[2023-06-03 10:05:27] UP
[2023-06-03 10:05:27] RIGHT
[2023-06-03 10:05:36] <Bingo!>
[2023-06-03 10:05:36] DOWN
[2023-06-03 10:05:37] LEFT
[2023-06-03 10:05:38] UP
[2023-06-03 10:05:38] LEFT
[2023-06-03 10:05:42] <Bingo!>
[2023-06-03 10:05:43] DOWN
[2023-06-03 10:05:46] RIGHT
[2023-06-03 10:05:51] <Bingo!>
[2023-06-03 10:05:52] DOWN
[2023-06-03 10:05:52] LEFT
[2023-06-03 10:05:54] UP
[2023-06-03 10:05:54] RIGHT
[2023-06-03 10:05:55] UP
[2023-06-03 10:05:55] LEFT
[2023-06-03 10:05:56] RIGHT
[2023-06-03 10:05:57] UP
[2023-06-03 10:05:59] <Bingo!>
[2023-06-03 10:06:00] LEFT
[2023-06-03 10:06:01] UP
[2023-06-03 10:06:02] LEFT
[2023-06-03 10:06:02] UP
[2023-06-03 10:06:03] LEFT
[2023-06-03 10:06:04] UP
[2023-06-03 10:06:04] <Bingo!>
[2023-06-03 10:06:04] LEFT
[2023-06-03 10:06:05] DOWN
[2023-06-03 10:06:06] LEFT
[2023-06-03 10:06:06] DOWN
[2023-06-03 10:06:07] LEFT
[2023-06-03 10:06:07] UP
[2023-06-03 10:06:08] LEFT
[2023-06-03 10:06:09] <Bingo!>
[2023-06-03 10:06:10] DOWN
[2023-06-03 10:06:11] LEFT
[2023-06-03 10:06:15] DOWN
[2023-06-03 10:06:19] <Bingo!>
[2023-06-03 10:06:19] Come to the border.
[2023-06-03 10:06:24] The SNAKE game stopped.
[2023-06-03 10:06:24] ============================
