[2025-06-13 00:41:57.307] Consumer(17432-16692- 2): Buffer is EMPTY. Waiting...
[2025-06-13 00:41:57.307] Producer(17432- 8596- 3): [data: 30] (Pos: 0, count=1, pID: 3)
[2025-06-13 00:41:57.308] Consumer(17432-16692- 2): [data: 30] (Pos: 0, count=0, pID: 3)
[2025-06-13 00:41:57.308] Producer(17432- 6416- 2): [data: 20] (Pos: 1, count=1, pID: 2)
[2025-06-13 00:41:57.308] Consumer(17432-10680- 1): [data: 20] (Pos: 1, count=0, pID: 2)
[2025-06-13 00:41:57.308] Consumer(17432- 4860- 3): Buffer is EMPTY. Waiting...
[2025-06-13 00:41:57.309] Consumer(17432-15644- 4): Buffer is EMPTY. Waiting...
[2025-06-13 00:41:57.309] Monitor (17432-19632- 1): Checking the status - no activity in 0 seconds.
[2025-06-13 00:41:57.309] Producer(17432-20320- 1): [data: 10] (Pos: 2, count=1, pID: 1)
[2025-06-13 00:41:57.309] Consumer(17432-15644- 4): [data: 10] (Pos: 2, count=0, pID: 1)
[2025-06-13 00:41:57.309] Consumer(17432- 4860- 3): Buffer is EMPTY. Waiting...
[2025-06-13 00:41:58.112] Consumer(17432-10680- 1): Buffer is EMPTY. Waiting...
[2025-06-13 00:41:58.112] Consumer(17432-15644- 4): Buffer is EMPTY. Waiting...
[2025-06-13 00:41:58.113] Consumer(17432-16692- 2): Buffer is EMPTY. Waiting...
[2025-06-13 00:41:58.311] Producer(17432- 8596- 3): [data: 31] (Pos: 3, count=1, pID: 3)
[2025-06-13 00:41:58.311] Consumer(17432-16692- 2): [data: 31] (Pos: 3, count=0, pID: 3)
[2025-06-13 00:41:58.311] Producer(17432-20320- 1): [data: 11] (Pos: 4, count=1, pID: 1)
[2025-06-13 00:41:58.311] Consumer(17432-10680- 1): [data: 11] (Pos: 4, count=0, pID: 1)
[2025-06-13 00:41:58.312] Consumer(17432-15644- 4): Buffer is EMPTY. Waiting...
[2025-06-13 00:41:58.312] Producer(17432- 6416- 2): [data: 21] (Pos: 0, count=1, pID: 2)
[2025-06-13 00:41:58.312] Consumer(17432- 4860- 3): [data: 21] (Pos: 0, count=0, pID: 2)
[2025-06-13 00:41:58.313] Consumer(17432-15644- 4): Buffer is EMPTY. Waiting...
[2025-06-13 00:41:59.122] Consumer(17432-16692- 2): Buffer is EMPTY. Waiting...
[2025-06-13 00:41:59.122] Consumer(17432-10680- 1): Buffer is EMPTY. Waiting...
[2025-06-13 00:41:59.122] Consumer(17432- 4860- 3): Buffer is EMPTY. Waiting...
[2025-06-13 00:41:59.324] Producer(17432- 6416- 2): [data: 22] (Pos: 1, count=1, pID: 2)
[2025-06-13 00:41:59.325] Consumer(17432- 4860- 3): [data: 22] (Pos: 1, count=0, pID: 2)
[2025-06-13 00:41:59.325] Producer(17432- 8596- 3): [data: 32] (Pos: 2, count=1, pID: 3)
[2025-06-13 00:41:59.325] Consumer(17432-15644- 4): [data: 32] (Pos: 2, count=0, pID: 3)
[2025-06-13 00:41:59.326] Consumer(17432-10680- 1): Buffer is EMPTY. Waiting...
[2025-06-13 00:41:59.327] Consumer(17432-16692- 2): Buffer is EMPTY. Waiting...
[2025-06-13 00:41:59.328] Producer(17432-20320- 1): [data: 12] (Pos: 3, count=1, pID: 1)
[2025-06-13 00:41:59.328] Consumer(17432-10680- 1): [data: 12] (Pos: 3, count=0, pID: 1)
[2025-06-13 00:41:59.329] Consumer(17432-16692- 2): Buffer is EMPTY. Waiting...
[2025-06-13 00:42:00.131] Consumer(17432-15644- 4): Buffer is EMPTY. Waiting...
[2025-06-13 00:42:00.131] Consumer(17432-10680- 1): Buffer is EMPTY. Waiting...
[2025-06-13 00:42:00.131] Consumer(17432- 4860- 3): Buffer is EMPTY. Waiting...
[2025-06-13 00:42:00.337] Producer(17432- 8596- 3): [data: 33] (Pos: 4, count=1, pID: 3)
[2025-06-13 00:42:00.337] Consumer(17432-10680- 1): [data: 33] (Pos: 4, count=0, pID: 3)
[2025-06-13 00:42:00.337] Producer(17432-20320- 1): [data: 13] (Pos: 0, count=1, pID: 1)
[2025-06-13 00:42:00.339] Consumer(17432- 4860- 3): [data: 13] (Pos: 0, count=0, pID: 1)
[2025-06-13 00:42:00.339] Consumer(17432-15644- 4): Buffer is EMPTY. Waiting...
[2025-06-13 00:42:00.341] Producer(17432- 6416- 2): [data: 23] (Pos: 1, count=1, pID: 2)
[2025-06-13 00:42:00.341] Consumer(17432-15644- 4): [data: 23] (Pos: 1, count=0, pID: 2)
[2025-06-13 00:42:00.341] Consumer(17432-16692- 2): Buffer is EMPTY. Waiting...
[2025-06-13 00:42:01.147] Consumer(17432- 4860- 3): Buffer is EMPTY. Waiting...
[2025-06-13 00:42:01.148] Consumer(17432-10680- 1): Buffer is EMPTY. Waiting...
[2025-06-13 00:42:01.148] Consumer(17432-15644- 4): Buffer is EMPTY. Waiting...
[2025-06-13 00:42:01.349] Producer(17432- 6416- 2): [data: 24] (Pos: 2, count=1, pID: 2)
[2025-06-13 00:42:01.349] Consumer(17432- 4860- 3): [data: 24] (Pos: 2, count=0, pID: 2)
[2025-06-13 00:42:01.350] Producer(17432- 8596- 3): [data: 34] (Pos: 3, count=1, pID: 3)
[2025-06-13 00:42:01.351] Consumer(17432-15644- 4): [data: 34] (Pos: 3, count=0, pID: 3)
[2025-06-13 00:42:01.351] Consumer(17432-10680- 1): Buffer is EMPTY. Waiting...
[2025-06-13 00:42:01.352] Producer(17432-20320- 1): [data: 14] (Pos: 4, count=1, pID: 1)
[2025-06-13 00:42:01.353] Consumer(17432-10680- 1): [data: 14] (Pos: 4, count=0, pID: 1)
[2025-06-13 00:42:01.354] Consumer(17432-16692- 2): Buffer is EMPTY. Waiting...
[2025-06-13 00:42:02.160] Consumer(17432-15644- 4): Buffer is EMPTY. Waiting...
[2025-06-13 00:42:02.160] Consumer(17432-10680- 1): Buffer is EMPTY. Waiting...
[2025-06-13 00:42:02.160] Consumer(17432- 4860- 3): Buffer is EMPTY. Waiting...
[2025-06-13 00:42:02.364] Producer(17432- 8596- 3): [data: 35] (Pos: 0, count=1, pID: 3)
[2025-06-13 00:42:02.364] Consumer(17432-10680- 1): [data: 35] (Pos: 0, count=0, pID: 3)
[2025-06-13 00:42:02.365] Producer(17432- 6416- 2): [data: 25] (Pos: 1, count=1, pID: 2)
[2025-06-13 00:42:02.365] Consumer(17432- 4860- 3): [data: 25] (Pos: 1, count=0, pID: 2)
[2025-06-13 00:42:02.365] Consumer(17432-15644- 4): Buffer is EMPTY. Waiting...
[2025-06-13 00:42:02.366] Consumer(17432-16692- 2): Buffer is EMPTY. Waiting...
[2025-06-13 00:42:02.367] Producer(17432-20320- 1): [data: 15] (Pos: 2, count=1, pID: 1)
[2025-06-13 00:42:02.367] Consumer(17432-15644- 4): [data: 15] (Pos: 2, count=0, pID: 1)
[2025-06-13 00:42:02.367] Consumer(17432-16692- 2): Buffer is EMPTY. Waiting...
[2025-06-13 00:42:03.168] Consumer(17432-15644- 4): Buffer is EMPTY. Waiting...
[2025-06-13 00:42:03.168] Consumer(17432- 4860- 3): Buffer is EMPTY. Waiting...
[2025-06-13 00:42:03.168] Consumer(17432-10680- 1): Buffer is EMPTY. Waiting...
[2025-06-13 00:42:03.371] Producer(17432- 6416- 2): [data: 26] (Pos: 3, count=1, pID: 2)
[2025-06-13 00:42:03.371] Consumer(17432- 4860- 3): [data: 26] (Pos: 3, count=0, pID: 2)
[2025-06-13 00:42:03.372] Producer(17432-20320- 1): [data: 16] (Pos: 4, count=1, pID: 1)
[2025-06-13 00:42:03.373] Producer(17432- 8596- 3): [data: 36] (Pos: 0, count=2, pID: 3)
[2025-06-13 00:42:03.374] Consumer(17432-16692- 2): [data: 16] (Pos: 4, count=1, pID: 1)
[2025-06-13 00:42:03.374] Consumer(17432-10680- 1): [data: 36] (Pos: 0, count=0, pID: 3)
[2025-06-13 00:42:03.375] Consumer(17432-15644- 4): Buffer is EMPTY. Waiting...
[2025-06-13 00:42:04.178] Consumer(17432-16692- 2): Buffer is EMPTY. Waiting...
[2025-06-13 00:42:04.179] Consumer(17432- 4860- 3): Buffer is EMPTY. Waiting...
[2025-06-13 00:42:04.179] Consumer(17432-10680- 1): Buffer is EMPTY. Waiting...
[2025-06-13 00:42:04.379] Producer(17432- 6416- 2): [data: 27] (Pos: 1, count=1, pID: 2)
[2025-06-13 00:42:04.380] Consumer(17432-10680- 1): [data: 27] (Pos: 1, count=0, pID: 2)
[2025-06-13 00:42:04.380] Producer(17432- 8596- 3): [data: 37] (Pos: 2, count=1, pID: 3)
[2025-06-13 00:42:04.382] Consumer(17432-16692- 2): [data: 37] (Pos: 2, count=0, pID: 3)
[2025-06-13 00:42:04.382] Consumer(17432-15644- 4): Buffer is EMPTY. Waiting...
[2025-06-13 00:42:04.383] Consumer(17432- 4860- 3): Buffer is EMPTY. Waiting...
[2025-06-13 00:42:04.384] Producer(17432-20320- 1): [data: 17] (Pos: 3, count=1, pID: 1)
[2025-06-13 00:42:04.384] Consumer(17432- 4860- 3): [data: 17] (Pos: 3, count=0, pID: 1)
[2025-06-13 00:42:04.384] Consumer(17432-15644- 4): Buffer is EMPTY. Waiting...
[2025-06-13 00:42:05.185] Consumer(17432-16692- 2): Buffer is EMPTY. Waiting...
[2025-06-13 00:42:05.185] Consumer(17432- 4860- 3): Buffer is EMPTY. Waiting...
[2025-06-13 00:42:05.186] Consumer(17432-10680- 1): Buffer is EMPTY. Waiting...
[2025-06-13 00:42:05.386] Producer(17432-20320- 1): [data: 18] (Pos: 4, count=1, pID: 1)
[2025-06-13 00:42:05.386] Consumer(17432-15644- 4): [data: 18] (Pos: 4, count=0, pID: 1)
[2025-06-13 00:42:05.387] Producer(17432- 8596- 3): [data: 38] (Pos: 0, count=1, pID: 3)
[2025-06-13 00:42:05.388] Consumer(17432- 4860- 3): [data: 38] (Pos: 0, count=0, pID: 3)
[2025-06-13 00:42:05.389] Consumer(17432-16692- 2): Buffer is EMPTY. Waiting...
[2025-06-13 00:42:05.390] Producer(17432- 6416- 2): [data: 28] (Pos: 1, count=1, pID: 2)
[2025-06-13 00:42:05.390] Consumer(17432-10680- 1): [data: 28] (Pos: 1, count=0, pID: 2)
[2025-06-13 00:42:05.391] Consumer(17432-16692- 2): Buffer is EMPTY. Waiting...
[2025-06-13 00:42:06.189] Consumer(17432-15644- 4): Buffer is EMPTY. Waiting...
[2025-06-13 00:42:06.204] Consumer(17432-10680- 1): Buffer is EMPTY. Waiting...
[2025-06-13 00:42:06.204] Consumer(17432- 4860- 3): Buffer is EMPTY. Waiting...
[2025-06-13 00:42:06.390] Producer(17432- 8596- 3): [data: 39] (Pos: 2, count=1, pID: 3)
[2025-06-13 00:42:06.391] Consumer(17432- 4860- 3): [data: 39] (Pos: 2, count=0, pID: 3)
[2025-06-13 00:42:06.391] Consumer(17432-16692- 2): Buffer is EMPTY. Waiting...
[2025-06-13 00:42:06.393] Consumer(17432-10680- 1): Buffer is EMPTY. Waiting...
[2025-06-13 00:42:06.393] Consumer(17432-15644- 4): Buffer is EMPTY. Waiting...
[2025-06-13 00:42:06.394] Producer(17432-20320- 1): [data: 19] (Pos: 3, count=1, pID: 1)
[2025-06-13 00:42:06.394] Consumer(17432-10680- 1): [data: 19] (Pos: 3, count=0, pID: 1)
[2025-06-13 00:42:06.395] Consumer(17432-16692- 2): Buffer is EMPTY. Waiting...
[2025-06-13 00:42:06.395] Consumer(17432-15644- 4): Buffer is EMPTY. Waiting...
[2025-06-13 00:42:06.406] Producer(17432- 6416- 2): [data: 29] (Pos: 4, count=1, pID: 2)
[2025-06-13 00:42:06.406] Consumer(17432-15644- 4): [data: 29] (Pos: 4, count=0, pID: 2)
[2025-06-13 00:42:06.407] Consumer(17432-16692- 2): Buffer is EMPTY. Waiting...
[2025-06-13 00:42:07.194] Consumer(17432- 4860- 3): Buffer is EMPTY. Waiting...
[2025-06-13 00:42:07.210] Consumer(17432-15644- 4): Buffer is EMPTY. Waiting...
[2025-06-13 00:42:07.210] Consumer(17432-10680- 1): Buffer is EMPTY. Waiting...
[2025-06-13 00:42:07.318] Monitor (17432-19632- 1): Checking the status - no activity in 1 seconds.
[2025-06-13 00:42:07.396] Producer(17432-20320- 1): [data: 20] (Pos: 0, count=1, pID: 1)
[2025-06-13 00:42:07.397] Consumer(17432-10680- 1): [data: 20] (Pos: 0, count=0, pID: 1)
[2025-06-13 00:42:07.397] Consumer(17432- 4860- 3): Buffer is EMPTY. Waiting...
[2025-06-13 00:42:07.398] Consumer(17432-15644- 4): Buffer is EMPTY. Waiting...
[2025-06-13 00:42:07.399] Producer(17432- 8596- 3): [data: 40] (Pos: 1, count=1, pID: 3)
[2025-06-13 00:42:07.399] Consumer(17432-15644- 4): [data: 40] (Pos: 1, count=0, pID: 3)
[2025-06-13 00:42:07.400] Consumer(17432- 4860- 3): Buffer is EMPTY. Waiting...
[2025-06-13 00:42:07.400] Consumer(17432-16692- 2): Buffer is EMPTY. Waiting...
[2025-06-13 00:42:07.412] Producer(17432- 6416- 2): [data: 30] (Pos: 2, count=1, pID: 2)
[2025-06-13 00:42:07.412] Consumer(17432- 4860- 3): [data: 30] (Pos: 2, count=0, pID: 2)
[2025-06-13 00:42:07.413] Consumer(17432-16692- 2): Buffer is EMPTY. Waiting...
[2025-06-13 00:42:08.207] Consumer(17432-15644- 4): Buffer is EMPTY. Waiting...
[2025-06-13 00:42:08.208] Consumer(17432-10680- 1): Buffer is EMPTY. Waiting...
[2025-06-13 00:42:08.223] Consumer(17432- 4860- 3): Buffer is EMPTY. Waiting...
[2025-06-13 00:42:08.409] Producer(17432-20320- 1): [data: 21] (Pos: 3, count=1, pID: 1)
[2025-06-13 00:42:08.409] Consumer(17432-16692- 2): [data: 21] (Pos: 3, count=0, pID: 1)
[2025-06-13 00:42:08.410] Consumer(17432-10680- 1): Buffer is EMPTY. Waiting...
[2025-06-13 00:42:08.411] Consumer(17432- 4860- 3): Buffer is EMPTY. Waiting...
[2025-06-13 00:42:08.411] Producer(17432- 8596- 3): [data: 41] (Pos: 4, count=1, pID: 3)
[2025-06-13 00:42:08.412] Consumer(17432-10680- 1): [data: 41] (Pos: 4, count=0, pID: 3)
[2025-06-13 00:42:08.412] Consumer(17432- 4860- 3): Buffer is EMPTY. Waiting...
[2025-06-13 00:42:08.413] Consumer(17432-15644- 4): Buffer is EMPTY. Waiting...
[2025-06-13 00:42:08.424] Producer(17432- 6416- 2): [data: 31] (Pos: 0, count=1, pID: 2)
[2025-06-13 00:42:08.425] Consumer(17432- 4860- 3): [data: 31] (Pos: 0, count=0, pID: 2)
[2025-06-13 00:42:08.425] Consumer(17432-15644- 4): Buffer is EMPTY. Waiting...
[2025-06-13 00:42:09.211] Consumer(17432-16692- 2): Buffer is EMPTY. Waiting...
[2025-06-13 00:42:09.227] Consumer(17432-10680- 1): Buffer is EMPTY. Waiting...
[2025-06-13 00:42:09.227] Consumer(17432- 4860- 3): Buffer is EMPTY. Waiting...
[2025-06-13 00:42:09.414] Producer(17432-20320- 1): [data: 22] (Pos: 1, count=1, pID: 1)
[2025-06-13 00:42:09.415] Consumer(17432-16692- 2): [data: 22] (Pos: 1, count=0, pID: 1)
[2025-06-13 00:42:09.415] Consumer(17432-15644- 4): Buffer is EMPTY. Waiting...
[2025-06-13 00:42:09.416] Consumer(17432- 4860- 3): Buffer is EMPTY. Waiting...
[2025-06-13 00:42:09.417] Consumer(17432-10680- 1): Buffer is EMPTY. Waiting...
[2025-06-13 00:42:09.418] Producer(17432- 8596- 3): [data: 42] (Pos: 2, count=1, pID: 3)
[2025-06-13 00:42:09.418] Consumer(17432-15644- 4): [data: 42] (Pos: 2, count=0, pID: 3)
[2025-06-13 00:42:09.418] Consumer(17432-10680- 1): Buffer is EMPTY. Waiting...
[2025-06-13 00:42:09.419] Consumer(17432- 4860- 3): Buffer is EMPTY. Waiting...
[2025-06-13 00:42:09.430] Producer(17432- 6416- 2): [data: 32] (Pos: 3, count=1, pID: 2)
[2025-06-13 00:42:09.431] Consumer(17432- 4860- 3): [data: 32] (Pos: 3, count=0, pID: 2)
[2025-06-13 00:42:09.431] Consumer(17432-10680- 1): Buffer is EMPTY. Waiting...
[2025-06-13 00:42:10.226] Consumer(17432-15644- 4): Buffer is EMPTY. Waiting...
[2025-06-13 00:42:10.226] Consumer(17432-16692- 2): Buffer is EMPTY. Waiting...
[2025-06-13 00:42:10.241] Consumer(17432- 4860- 3): Buffer is EMPTY. Waiting...
[2025-06-13 00:42:10.425] Producer(17432-20320- 1): [data: 23] (Pos: 4, count=1, pID: 1)
[2025-06-13 00:42:10.426] Consumer(17432-15644- 4): [data: 23] (Pos: 4, count=0, pID: 1)
[2025-06-13 00:42:10.426] Consumer(17432-16692- 2): Buffer is EMPTY. Waiting...
[2025-06-13 00:42:10.428] Consumer(17432- 4860- 3): Buffer is EMPTY. Waiting...
[2025-06-13 00:42:10.428] Producer(17432- 8596- 3): [data: 43] (Pos: 0, count=1, pID: 3)
[2025-06-13 00:42:10.429] Consumer(17432-16692- 2): [data: 43] (Pos: 0, count=0, pID: 3)
[2025-06-13 00:42:10.429] Consumer(17432-10680- 1): Buffer is EMPTY. Waiting...
[2025-06-13 00:42:10.430] Consumer(17432- 4860- 3): Buffer is EMPTY. Waiting...
[2025-06-13 00:42:10.441] Producer(17432- 6416- 2): [data: 33] (Pos: 1, count=1, pID: 2)
[2025-06-13 00:42:10.441] Consumer(17432- 4860- 3): [data: 33] (Pos: 1, count=0, pID: 2)
[2025-06-13 00:42:10.442] Consumer(17432-10680- 1): Buffer is EMPTY. Waiting...
[2025-06-13 00:42:11.227] Consumer(17432-15644- 4): Buffer is EMPTY. Waiting...
[2025-06-13 00:42:11.243] Consumer(17432- 4860- 3): Buffer is EMPTY. Waiting...
[2025-06-13 00:42:11.243] Consumer(17432-16692- 2): Buffer is EMPTY. Waiting...
[2025-06-13 00:42:11.433] Producer(17432- 8596- 3): [data: 44] (Pos: 2, count=1, pID: 3)
[2025-06-13 00:42:11.433] Producer(17432-20320- 1): [data: 24] (Pos: 3, count=2, pID: 1)
[2025-06-13 00:42:11.434] Consumer(17432-10680- 1): [data: 44] (Pos: 2, count=1, pID: 3)
[2025-06-13 00:42:11.434] Consumer(17432- 4860- 3): [data: 24] (Pos: 3, count=0, pID: 1)
[2025-06-13 00:42:11.435] Consumer(17432-16692- 2): Buffer is EMPTY. Waiting...
[2025-06-13 00:42:11.436] Consumer(17432-15644- 4): Buffer is EMPTY. Waiting...
[2025-06-13 00:42:11.449] Producer(17432- 6416- 2): [data: 34] (Pos: 4, count=1, pID: 2)
[2025-06-13 00:42:11.449] Consumer(17432-16692- 2): [data: 34] (Pos: 4, count=0, pID: 2)
[2025-06-13 00:42:11.449] Consumer(17432-15644- 4): Buffer is EMPTY. Waiting...
[2025-06-13 00:42:12.235] Consumer(17432-10680- 1): Buffer is EMPTY. Waiting...
[2025-06-13 00:42:12.251] Consumer(17432- 4860- 3): Buffer is EMPTY. Waiting...
[2025-06-13 00:42:12.251] Consumer(17432-16692- 2): Buffer is EMPTY. Waiting...
[2025-06-13 00:42:12.436] Producer(17432- 8596- 3): [data: 45] (Pos: 0, count=1, pID: 3)
[2025-06-13 00:42:12.437] Consumer(17432-10680- 1): [data: 45] (Pos: 0, count=0, pID: 3)
[2025-06-13 00:42:12.437] Consumer(17432-15644- 4): Buffer is EMPTY. Waiting...
[2025-06-13 00:42:12.438] Producer(17432-20320- 1): [data: 25] (Pos: 1, count=1, pID: 1)
[2025-06-13 00:42:12.439] Consumer(17432-15644- 4): [data: 25] (Pos: 1, count=0, pID: 1)
[2025-06-13 00:42:12.439] Consumer(17432-16692- 2): Buffer is EMPTY. Waiting...
[2025-06-13 00:42:12.440] Consumer(17432- 4860- 3): Buffer is EMPTY. Waiting...
[2025-06-13 00:42:12.452] Producer(17432- 6416- 2): [data: 35] (Pos: 2, count=1, pID: 2)
[2025-06-13 00:42:12.452] Consumer(17432- 4860- 3): [data: 35] (Pos: 2, count=0, pID: 2)
[2025-06-13 00:42:12.452] Consumer(17432-16692- 2): Buffer is EMPTY. Waiting...
[2025-06-13 00:42:13.249] Consumer(17432-15644- 4): Buffer is EMPTY. Waiting...
[2025-06-13 00:42:13.249] Consumer(17432-10680- 1): Buffer is EMPTY. Waiting...
[2025-06-13 00:42:13.265] Consumer(17432- 4860- 3): Buffer is EMPTY. Waiting...
[2025-06-13 00:42:13.438] Producer(17432- 8596- 3): [data: 46] (Pos: 3, count=1, pID: 3)
[2025-06-13 00:42:13.438] Consumer(17432-10680- 1): [data: 46] (Pos: 3, count=0, pID: 3)
[2025-06-13 00:42:13.438] Consumer(17432-15644- 4): Buffer is EMPTY. Waiting...
[2025-06-13 00:42:13.439] Consumer(17432-16692- 2): Buffer is EMPTY. Waiting...
[2025-06-13 00:42:13.439] Consumer(17432- 4860- 3): Buffer is EMPTY. Waiting...
[2025-06-13 00:42:13.454] Producer(17432- 6416- 2): [data: 36] (Pos: 4, count=1, pID: 2)
[2025-06-13 00:42:13.454] Consumer(17432-16692- 2): [data: 36] (Pos: 4, count=0, pID: 2)
[2025-06-13 00:42:13.454] Consumer(17432-15644- 4): Buffer is EMPTY. Waiting...
[2025-06-13 00:42:13.455] Consumer(17432- 4860- 3): Buffer is EMPTY. Waiting...
[2025-06-13 00:42:13.456] Producer(17432-20320- 1): [data: 26] (Pos: 0, count=1, pID: 1)
[2025-06-13 00:42:13.456] Consumer(17432-15644- 4): [data: 26] (Pos: 0, count=0, pID: 1)
[2025-06-13 00:42:13.457] Consumer(17432- 4860- 3): Buffer is EMPTY. Waiting...
[2025-06-13 00:42:14.243] Consumer(17432-10680- 1): Buffer is EMPTY. Waiting...
[2025-06-13 00:42:14.258] Consumer(17432-15644- 4): Buffer is EMPTY. Waiting...
[2025-06-13 00:42:14.260] Consumer(17432-16692- 2): Buffer is EMPTY. Waiting...
[2025-06-13 00:42:14.445] Producer(17432- 8596- 3): [data: 47] (Pos: 1, count=1, pID: 3)
[2025-06-13 00:42:14.445] Consumer(17432-16692- 2): [data: 47] (Pos: 1, count=0, pID: 3)
[2025-06-13 00:42:14.446] Consumer(17432-10680- 1): Buffer is EMPTY. Waiting...
[2025-06-13 00:42:14.447] Consumer(17432-15644- 4): Buffer is EMPTY. Waiting...
[2025-06-13 00:42:14.447] Consumer(17432- 4860- 3): Buffer is EMPTY. Waiting...
[2025-06-13 00:42:14.460] Producer(17432-20320- 1): [data: 27] (Pos: 2, count=1, pID: 1)
[2025-06-13 00:42:14.460] Consumer(17432-15644- 4): [data: 27] (Pos: 2, count=0, pID: 1)
[2025-06-13 00:42:14.461] Producer(17432- 6416- 2): [data: 37] (Pos: 3, count=1, pID: 2)
[2025-06-13 00:42:14.462] Consumer(17432- 4860- 3): [data: 37] (Pos: 3, count=0, pID: 2)
[2025-06-13 00:42:14.462] Consumer(17432-10680- 1): Buffer is EMPTY. Waiting...
[2025-06-13 00:42:15.251] Consumer(17432-16692- 2): Buffer is EMPTY. Waiting...
[2025-06-13 00:42:15.266] Consumer(17432-15644- 4): Buffer is EMPTY. Waiting...
[2025-06-13 00:42:15.266] Consumer(17432- 4860- 3): Buffer is EMPTY. Waiting...
[2025-06-13 00:42:15.452] Producer(17432- 8596- 3): [data: 48] (Pos: 4, count=1, pID: 3)
[2025-06-13 00:42:15.452] Consumer(17432- 4860- 3): [data: 48] (Pos: 4, count=0, pID: 3)
[2025-06-13 00:42:15.453] Consumer(17432-16692- 2): Buffer is EMPTY. Waiting...
[2025-06-13 00:42:15.454] Consumer(17432-10680- 1): Buffer is EMPTY. Waiting...
[2025-06-13 00:42:15.455] Consumer(17432-15644- 4): Buffer is EMPTY. Waiting...
[2025-06-13 00:42:15.468] Producer(17432-20320- 1): [data: 28] (Pos: 0, count=1, pID: 1)
[2025-06-13 00:42:15.468] Consumer(17432-10680- 1): [data: 28] (Pos: 0, count=0, pID: 1)
[2025-06-13 00:42:15.468] Consumer(17432-16692- 2): Buffer is EMPTY. Waiting...
[2025-06-13 00:42:15.469] Consumer(17432-15644- 4): Buffer is EMPTY. Waiting...
[2025-06-13 00:42:15.470] Producer(17432- 6416- 2): [data: 38] (Pos: 1, count=1, pID: 2)
[2025-06-13 00:42:15.470] Consumer(17432-15644- 4): [data: 38] (Pos: 1, count=0, pID: 2)
[2025-06-13 00:42:15.471] Consumer(17432-16692- 2): Buffer is EMPTY. Waiting...
[2025-06-13 00:42:16.263] Consumer(17432- 4860- 3): Buffer is EMPTY. Waiting...
[2025-06-13 00:42:16.279] Consumer(17432-15644- 4): Buffer is EMPTY. Waiting...
[2025-06-13 00:42:16.279] Consumer(17432-10680- 1): Buffer is EMPTY. Waiting...
[2025-06-13 00:42:16.466] Producer(17432- 8596- 3): [data: 49] (Pos: 2, count=1, pID: 3)
[2025-06-13 00:42:16.466] Consumer(17432-10680- 1): [data: 49] (Pos: 2, count=0, pID: 3)
[2025-06-13 00:42:16.466] Consumer(17432-15644- 4): Buffer is EMPTY. Waiting...
[2025-06-13 00:42:16.468] Consumer(17432-16692- 2): Buffer is EMPTY. Waiting...
[2025-06-13 00:42:16.468] Consumer(17432- 4860- 3): Buffer is EMPTY. Waiting...
[2025-06-13 00:42:16.481] Producer(17432- 6416- 2): [data: 39] (Pos: 3, count=1, pID: 2)
[2025-06-13 00:42:16.482] Consumer(17432- 4860- 3): [data: 39] (Pos: 3, count=0, pID: 2)
[2025-06-13 00:42:16.482] Consumer(17432-15644- 4): Buffer is EMPTY. Waiting...
[2025-06-13 00:42:16.483] Consumer(17432-16692- 2): Buffer is EMPTY. Waiting...
[2025-06-13 00:42:16.484] Producer(17432-20320- 1): [data: 29] (Pos: 4, count=1, pID: 1)
[2025-06-13 00:42:16.485] Consumer(17432-16692- 2): [data: 29] (Pos: 4, count=0, pID: 1)
[2025-06-13 00:42:16.485] Consumer(17432-15644- 4): Buffer is EMPTY. Waiting...
[2025-06-13 00:42:17.272] Consumer(17432-10680- 1): Buffer is EMPTY. Waiting...
[2025-06-13 00:42:17.287] Consumer(17432- 4860- 3): Buffer is EMPTY. Waiting...
[2025-06-13 00:42:17.288] Consumer(17432-16692- 2): Buffer is EMPTY. Waiting...
[2025-06-13 00:42:17.319] Monitor (17432-19632- 1): Checking the status - no activity in 1 seconds.
[2025-06-13 00:42:17.474] Producer(17432- 8596- 3): Exit.
[2025-06-13 00:42:17.489] Producer(17432-20320- 1): Exit.
[2025-06-13 00:42:17.489] Producer(17432- 6416- 2): Exit.
[2025-06-13 00:42:27.322] Monitor (17432-19632- 1): Checking the status - no activity in 11 seconds.
[2025-06-13 00:42:37.329] Monitor (17432-19632- 1): Checking the status - no activity in 21 seconds.
[2025-06-13 00:42:47.332] Monitor (17432-19632- 1): Timeout for 30 seconds. Terminating...
[2025-06-13 00:42:47.332] Consumer(17432-16692- 2): exit.
[2025-06-13 00:42:47.333] Consumer(17432-15644- 4): exit.
[2025-06-13 00:42:47.333] Consumer(17432-10680- 1): exit.
[2025-06-13 00:42:47.333] Consumer(17432- 4860- 3): exit.
[2025-06-13 00:42:47.335] Program terminated normally.
