Hello world!
[Key=a Value=1000 processed.]------------------------------
a(1000)  | 
[Key=b Value=1001 processed.]------------------------------
a(1000) b(1001)  | 
[Key=c Value=1002 processed.]------------------------------
a(1000) b(1001) c(1002)  | 
[Key=d Value=1003 processed.]------------------------------
a(1000) b(1001) c(1002) d(1003)  | 
[Key=e Value=1004 processed.]------------------------------
a(1000) b(1001) c(1002) d(1003) e(1004)  | 
[Key=f Value=1005 processed.]------------------------------
d | 
a(1000) b(1001) c(1002)  | d(1003) e(1004) f(1005)  | 
[Key=g Value=1006 processed.]------------------------------
d | 
a(1000) b(1001) c(1002)  | d(1003) e(1004) f(1005) g(1006)  | 
[Key=h Value=1007 processed.]------------------------------
d | 
a(1000) b(1001) c(1002)  | d(1003) e(1004) f(1005) g(1006) h(1007)  | 
[Key=i Value=1008 processed.]------------------------------
d g | 
a(1000) b(1001) c(1002)  | d(1003) e(1004) f(1005)  | g(1006) h(1007) i(1008)  | 
[Key=j Value=1009 processed.]------------------------------
d g | 
a(1000) b(1001) c(1002)  | d(1003) e(1004) f(1005)  | g(1006) h(1007) i(1008) j(1009)  | 
[Key=k Value=1010 processed.]------------------------------
d g | 
a(1000) b(1001) c(1002)  | d(1003) e(1004) f(1005)  | g(1006) h(1007) i(1008) j(1009) k(1010)  | 
[Key=l Value=1011 processed.]------------------------------
d g j | 
a(1000) b(1001) c(1002)  | d(1003) e(1004) f(1005)  | g(1006) h(1007) i(1008)  | j(1009) k(1010) l(1011)  | 
[Key=m Value=1012 processed.]------------------------------
d g j | 
a(1000) b(1001) c(1002)  | d(1003) e(1004) f(1005)  | g(1006) h(1007) i(1008)  | j(1009) k(1010) l(1011) m(1012)  | 
[Key=n Value=1013 processed.]------------------------------
d g j | 
a(1000) b(1001) c(1002)  | d(1003) e(1004) f(1005)  | g(1006) h(1007) i(1008)  | j(1009) k(1010) l(1011) m(1012) n(1013)  | 
[Key=o Value=1014 processed.]------------------------------
d g j m | 
a(1000) b(1001) c(1002)  | d(1003) e(1004) f(1005)  | g(1006) h(1007) i(1008)  | j(1009) k(1010) l(1011)  | m(1012) n(1013) o(1014)  | 
[Key=p Value=1015 processed.]------------------------------
d g j m | 
a(1000) b(1001) c(1002)  | d(1003) e(1004) f(1005)  | g(1006) h(1007) i(1008)  | j(1009) k(1010) l(1011)  | m(1012) n(1013) o(1014) p(1015)  | 
[Key=q Value=1016 processed.]------------------------------
d g j m | 
a(1000) b(1001) c(1002)  | d(1003) e(1004) f(1005)  | g(1006) h(1007) i(1008)  | j(1009) k(1010) l(1011)  | m(1012) n(1013) o(1014) p(1015) q(1016)  | 
[Key=r Value=1017 processed.]------------------------------
d g j m p | 
a(1000) b(1001) c(1002)  | d(1003) e(1004) f(1005)  | g(1006) h(1007) i(1008)  | j(1009) k(1010) l(1011)  | m(1012) n(1013) o(1014)  | p(1015) q(1016) r(1017)  | 
[Key=s Value=1018 processed.]------------------------------
d g j m p | 
a(1000) b(1001) c(1002)  | d(1003) e(1004) f(1005)  | g(1006) h(1007) i(1008)  | j(1009) k(1010) l(1011)  | m(1012) n(1013) o(1014)  | p(1015) q(1016) r(1017) s(1018)  | 
[Key=t Value=1019 processed.]------------------------------
d g j m p | 
a(1000) b(1001) c(1002)  | d(1003) e(1004) f(1005)  | g(1006) h(1007) i(1008)  | j(1009) k(1010) l(1011)  | m(1012) n(1013) o(1014)  | p(1015) q(1016) r(1017) s(1018) t(1019)  | 
[Key=u Value=1020 processed.]------------------------------
j | 
d g | m p s | 
a(1000) b(1001) c(1002)  | d(1003) e(1004) f(1005)  | g(1006) h(1007) i(1008)  | j(1009) k(1010) l(1011)  | m(1012) n(1013) o(1014)  | p(1015) q(1016) r(1017)  | s(1018) t(1019) u(1020)  | 
[Key=v Value=1021 processed.]------------------------------
j | 
d g | m p s | 
a(1000) b(1001) c(1002)  | d(1003) e(1004) f(1005)  | g(1006) h(1007) i(1008)  | j(1009) k(1010) l(1011)  | m(1012) n(1013) o(1014)  | p(1015) q(1016) r(1017)  | s(1018) t(1019) u(1020) v(1021)  | 
[Key=w Value=1022 processed.]------------------------------
j | 
d g | m p s | 
a(1000) b(1001) c(1002)  | d(1003) e(1004) f(1005)  | g(1006) h(1007) i(1008)  | j(1009) k(1010) l(1011)  | m(1012) n(1013) o(1014)  | p(1015) q(1016) r(1017)  | s(1018) t(1019) u(1020) v(1021) w(1022)  | 
[Key=x Value=1023 processed.]------------------------------
j | 
d g | m p s v | 
a(1000) b(1001) c(1002)  | d(1003) e(1004) f(1005)  | g(1006) h(1007) i(1008)  | j(1009) k(1010) l(1011)  | m(1012) n(1013) o(1014)  | p(1015) q(1016) r(1017)  | s(1018) t(1019) u(1020)  | v(1021) w(1022) x(1023)  | 
[Key=y Value=1024 processed.]------------------------------
j | 
d g | m p s v | 
a(1000) b(1001) c(1002)  | d(1003) e(1004) f(1005)  | g(1006) h(1007) i(1008)  | j(1009) k(1010) l(1011)  | m(1012) n(1013) o(1014)  | p(1015) q(1016) r(1017)  | s(1018) t(1019) u(1020)  | v(1021) w(1022) x(1023) y(1024)  | 
[Key=z Value=1025 processed.]------------------------------
j | 
d g | m p s v | 
a(1000) b(1001) c(1002)  | d(1003) e(1004) f(1005)  | g(1006) h(1007) i(1008)  | j(1009) k(1010) l(1011)  | m(1012) n(1013) o(1014)  | p(1015) q(1016) r(1017)  | s(1018) t(1019) u(1020)  | v(1021) w(1022) x(1023) y(1024) z(1025)  | 
j | 
d g | m p s v | 
a(1000) b(1001) c(1002)  | d(1003) e(1004) f(1005)  | g(1006) h(1007) i(1008)  | j(1009) k(1010) l(1011)  | m(1012) n(1013) o(1014)  | p(1015) q(1016) r(1017)  | s(1018) t(1019) u(1020)  | v(1021) w(1022) x(1023) y(1024) z(1025)  | 
